<?xml version="1.0" encoding="UTF-8"?>
<testsuite name="us.codecraft.webmagic.HtmlTest" time="0.009" tests="6" errors="0" skipped="1" failures="0">
  <properties>
[...]
</properties>
  <testcase name="testEnableJsoupHtmlEntityEscape" classname="us.codecraft.webmagic.HtmlTest" time="0"/>
  <testcase name="testRegexSelector" classname="us.codecraft.webmagic.HtmlTest" time="0"/>
  <testcase name="testAHrefExtract" classname="us.codecraft.webmagic.HtmlTest" time="0.007"/>
  <testcase name="testNthNodesGet" classname="us.codecraft.webmagic.HtmlTest" time="0.001"/>
  <testcase name="testDisableJsoupHtmlEntityEscape" classname="us.codecraft.webmagic.HtmlTest" time="0">
    <skipped message="not work in jsoup 1.8.x"/>
  </testcase>
  <testcase name="testGetHrefsByJsoup" classname="us.codecraft.webmagic.HtmlTest" time="0.001"/>
</testsuite>